# JRE version: OpenJDK Runtime Environment JBR-17.0.4.1+7-469.62-jcef (17.0.4.1+7) (build 17.0.4.1+7-b469.62)
# Java VM: OpenJDK 64-Bit Server VM JBR-17.0.4.1+7-469.62-jcef (17.0.4.1+7-b469.62, mixed mode, tiered, compressed oops, compressed class ptrs, g1 gc, linux-amd64)
GC Precious Log:
 CPUs: 8 total, 8 available
 Memory: 15925M
 Large Page Support: Disabled
 NUMA Support: Disabled
 Compressed Oops: Enabled (32-bit)
 Heap Region Size: 1M
 Heap Min Capacity: 128M
 Heap Initial Capacity: 128M
 Heap Max Capacity: 750M
 Pre-touch: Disabled
 Parallel Workers: 8
 Concurrent Workers: 2
 Concurrent Refinement Workers: 8
 Periodic GC: Disabled
Heap:
 garbage-first heap   total 131072K, used 11576K [0x00000000d1200000, 0x0000000100000000)
  region size 1024K, 7 young (7168K), 0 survivors (0K)
 Metaspace       used 25236K, committed 25792K, reserved 1073152K
  class space    used 2485K, committed 2688K, reserved 1048576K
GC Heap History (16 events):
Event: 1.089 GC heap before
{Heap before GC invocations=0 (full 0):
 garbage-first heap   total 131072K, used 19456K [0x00000000d1200000, 0x0000000100000000)
  region size 1024K, 21 young (21504K), 0 survivors (0K)
 Metaspace       used 21360K, committed 21504K, reserved 1073152K
  class space    used 2226K, committed 2304K, reserved 1048576K
}
Event: 1.094 GC heap after
{Heap after GC invocations=1 (full 0):
 garbage-first heap   total 131072K, used 5403K [0x00000000d1200000, 0x0000000100000000)
  region size 1024K, 3 young (3072K), 3 survivors (3072K)
 Metaspace       used 21360K, committed 21504K, reserved 1073152K
  class space    used 2226K, committed 2304K, reserved 1048576K
}
Event: 2.336 GC heap before
{Heap before GC invocations=2 (full 0):
 garbage-first heap   total 131072K, used 23835K [0x00000000d1200000, 0x0000000100000000)
  region size 1024K, 21 young (21504K), 3 survivors (3072K)
 Metaspace       used 24798K, committed 25088K, reserved 1073152K
  class space    used 2497K, committed 2624K, reserved 1048576K
}
Event: 2.340 GC heap after
{Heap after GC invocations=3 (full 0):
 garbage-first heap   total 131072K, used 7330K [0x00000000d1200000, 0x0000000100000000)
  region size 1024K, 2 young (2048K), 2 survivors (2048K)
 Metaspace       used 24798K, committed 25088K, reserved 1073152K
  class space    used 2497K, committed 2624K, reserved 1048576K
}
Event: 3601.100 GC heap before
{Heap before GC invocations=3 (full 0):
 garbage-first heap   total 131072K, used 14498K [0x00000000d1200000, 0x0000000100000000)
  region size 1024K, 10 young (10240K), 2 survivors (2048K)
 Metaspace       used 24965K, committed 25216K, reserved 1073152K
  class space    used 2503K, committed 2624K, reserved 1048576K
}
Event: 3601.124 GC heap after
{Heap after GC invocations=4 (full 1):
 garbage-first heap   total 131072K, used 6223K [0x00000000d1200000, 0x0000000100000000)
  region size 1024K, 0 young (0K), 0 survivors (0K)
 Metaspace       used 24965K, committed 25216K, reserved 1073152K
  class space    used 2503K, committed 2624K, reserved 1048576K
}
Event: 7201.125 GC heap before
{Heap before GC invocations=4 (full 1):
 garbage-first heap   total 131072K, used 18511K [0x00000000d1200000, 0x0000000100000000)
  region size 1024K, 13 young (13312K), 0 survivors (0K)
 Metaspace       used 25293K, committed 25600K, reserved 1073152K
  class space    used 2530K, committed 2688K, reserved 1048576K
}
Event: 7201.141 GC heap after
{Heap after GC invocations=5 (full 2):
 garbage-first heap   total 131072K, used 5845K [0x00000000d1200000, 0x0000000100000000)
  region size 1024K, 0 young (0K), 0 survivors (0K)
 Metaspace       used 25139K, committed 25600K, reserved 1073152K
  class space    used 2495K, committed 2688K, reserved 1048576K
}
Event: 10801.142 GC heap before
{Heap before GC invocations=5 (full 2):
 garbage-first heap   total 131072K, used 15061K [0x00000000d1200000, 0x0000000100000000)
  region size 1024K, 10 young (10240K), 0 survivors (0K)
 Metaspace       used 25285K, committed 25728K, reserved 1073152K
  class space    used 2503K, committed 2688K, reserved 1048576K
}
Event: 10801.157 GC heap after
{Heap after GC invocations=6 (full 3):
 garbage-first heap   total 131072K, used 5412K [0x00000000d1200000, 0x0000000100000000)
  region size 1024K, 0 young (0K), 0 survivors (0K)
 Metaspace       used 25184K, committed 25728K, reserved 1073152K
  class space    used 2483K, committed 2688K, reserved 1048576K
}
Event: 14401.158 GC heap before
{Heap before GC invocations=6 (full 3):
 garbage-first heap   total 131072K, used 12580K [0x00000000d1200000, 0x0000000100000000)
  region size 1024K, 8 young (8192K), 0 survivors (0K)
 Metaspace       used 25210K, committed 25792K, reserved 1073152K
  class space    used 2483K, committed 2688K, reserved 1048576K
}
Event: 14401.167 GC heap after
{Heap after GC invocations=7 (full 4):
 garbage-first heap   total 131072K, used 5411K [0x00000000d1200000, 0x0000000100000000)
  region size 1024K, 0 young (0K), 0 survivors (0K)
 Metaspace       used 25210K, committed 25792K, reserved 1073152K
  class space    used 2483K, committed 2688K, reserved 1048576K
}
Event: 18001.168 GC heap before
{Heap before GC invocations=7 (full 4):
 garbage-first heap   total 131072K, used 11555K [0x00000000d1200000, 0x0000000100000000)
  region size 1024K, 7 young (7168K), 0 survivors (0K)
 Metaspace       used 25219K, committed 25792K, reserved 1073152K
  class space    used 2483K, committed 2688K, reserved 1048576K
}
Event: 18001.175 GC heap after
{Heap after GC invocations=8 (full 5):
 garbage-first heap   total 131072K, used 5414K [0x00000000d1200000, 0x0000000100000000)
  region size 1024K, 0 young (0K), 0 survivors (0K)
 Metaspace       used 25219K, committed 25792K, reserved 1073152K
  class space    used 2483K, committed 2688K, reserved 1048576K
}
Event: 21601.176 GC heap before
{Heap before GC invocations=8 (full 5):
 garbage-first heap   total 131072K, used 12582K [0x00000000d1200000, 0x0000000100000000)
  region size 1024K, 8 young (8192K), 0 survivors (0K)
 Metaspace       used 25220K, committed 25792K, reserved 1073152K
  class space    used 2483K, committed 2688K, reserved 1048576K
}
Event: 21601.193 GC heap after
{Heap after GC invocations=9 (full 6):
 garbage-first heap   total 131072K, used 5432K [0x00000000d1200000, 0x0000000100000000)
  region size 1024K, 0 young (0K), 0 survivors (0K)
 Metaspace       used 25220K, committed 25792K, reserved 1073152K
  class space    used 2483K, committed 2688K, reserved 1048576K
}

